#
# A fatal error has been detected by the Java Runtime Environment:
#
#  SIGSEGV (0xb) at pc=0x0000000100e7e234, pid=13162, tid=0x0000000000004903
#
# JRE version: Java(TM) SE Runtime Environment (8.0_431) (build 1.8.0_431-b10)
# Java VM: Java HotSpot(TM) 64-Bit Server VM (25.431-b10 mixed mode bsd-aarch64 compressed oops)
# Problematic frame:
# C  [libjdwp.dylib+0x22234]  jvmtiAllocate+0x24
#
# Failed to write core dump. Core dumps have been disabled. To enable core dumping, try "ulimit -c unlimited" before starting Java again
#
# If you would like to submit a bug report, please visit:
#   http://bugreport.java.com/bugreport/crash.jsp
# The crash happened outside the Java Virtual Machine in native code.
# See problematic frame for where to report the bug.
#

---------------  T H R E A D  ---------------

Current thread (0x000000014e0e7800):  JavaThread "JDWP Command Reader" daemon [_thread_in_native, id=18691, stack(0x0000000171174000,0x0000000171377000)]

siginfo: si_signo: 11 (SIGSEGV), si_code: 2 (SEGV_ACCERR), si_addr: 0x0000000000000000

Registers:
 x0=0x0000000000000022  x1=0x0000000171376c10  x2=0x000000000000000c  x3=0x000000019e8e00a7
 x4=0x0000000171376c80  x5=0x0000000000000000  x6=0x0000000000000072  x7=0x0000000000000000
 x8=0x0000000000000000  x9=0x0000000208226f00 x10=0x0000820000008200 x11=0x0000820000008202
x12=0x0000000000000100 x13=0x0000000000317b00 x14=0x0000000000317a00 x15=0x00317a0000317b00
x16=0x000000019e8e0160 x17=0x41a100020a1ba7d0 x18=0x0000000000000000 x19=0x0000000101c4fec0
x20=0x000000000000000a x21=0x0000000101c54000 x22=0x0000000101c54000 x23=0x0000000100e828ce
x24=0x0000000100e82c90 x25=0x0000000100e8433c x26=0x00006000044eefa0 x27=0x0000000000000000
x28=0x0000000100e8c540  fp=0x0000000171376bf0  lr=0x0000000101c4ed78  sp=0x0000000171376ba0
pc=0x0000000100e7e234 cpsr=0x0000000060001000
Top of Stack: (sp=0x0000000171376ba0)
0x0000000171376ba0:   0000000100e82c90 0000000100e828ce
0x0000000171376bb0:   0000000100e8c000 0000000101c54000
0x0000000171376bc0:   0000000171376c09 00000000000000fe
0x0000000171376bd0:   0000000101c54000 0000000101c54000
0x0000000171376be0:   000000000000000a 0000000101c4fec0
0x0000000171376bf0:   0000000171376d40 0000000101c4ed78
0x0000000171376c00:   0000000000000008 6c69662064614207
0x0000000171376c10:   6972637365642065 00000000726f7470
0x0000000171376c20:   0000000000000000 0000000000000000
0x0000000171376c30:   0000000000000000 0000000000000000
0x0000000171376c40:   0000000000000000 0000000000000000
0x0000000171376c50:   0000000000000000 0000000000000000
0x0000000171376c60:   0000000000000000 0000000000000000
0x0000000171376c70:   0000000000000000 0000000000000000
0x0000000171376c80:   0000000000000000 0000000000000000
0x0000000171376c90:   0000000000000000 0000000000000000
0x0000000171376ca0:   0000000000000000 0000000000000000
0x0000000171376cb0:   0000000000000000 0000000000000000
0x0000000171376cc0:   0000000000000000 0000000000000000
0x0000000171376cd0:   0000000000000000 0000000000000000
0x0000000171376ce0:   0000000000000000 0000000000000000
0x0000000171376cf0:   0000000000000000 0000000000000000
0x0000000171376d00:   0000000000000000 4bd4b58f10220077
0x0000000171376d10:   0000000100e8c540 0000000000000000
0x0000000171376d20:   0000000100e8c000 0000000101c54000
0x0000000171376d30:   00000000000000ca 0000000171376de8
0x0000000171376d40:   0000000171376d80 0000000101c4eaac
0x0000000171376d50:   0000000171376db0 0000000100e7f470
0x0000000171376d60:   0000000100e8c000 0000000100e8c000
0x0000000171376d70:   0000000100e843d5 0000000171376de8
0x0000000171376d80:   0000000171376db0 0000000100e7b4b4
0x0000000171376d90:   0000000100e8c000 0000000100e8c000 

Instructions: (pc=0x0000000100e7e234)
0x0000000100e7e134:   fb 03 00 aa e0 03 14 aa 59 d1 ff 97 e0 00 00 34
0x0000000100e7e144:   f8 04 00 b5 da ff ff 17 e0 03 13 aa c1 0d 80 52
0x0000000100e7e154:   15 dc ff 97 d6 ff ff 17 e0 03 14 aa a0 cf ff 97
0x0000000100e7e164:   1f 10 00 71 61 00 00 54 3c 00 80 52 0a 00 00 14
0x0000000100e7e174:   e0 03 14 aa 9a cf ff 97 1f 0c 00 71 a0 00 00 54
0x0000000100e7e184:   e0 03 14 aa 96 cf ff 97 1f 04 00 71 e1 02 00 54
0x0000000100e7e194:   5c 00 80 52 e0 03 14 aa 8f cf ff 97 e2 03 00 aa
0x0000000100e7e1a4:   fa 03 00 b9 61 1f 00 13 e0 03 1c aa e3 03 17 aa
0x0000000100e7e1b4:   e4 03 16 aa e5 03 19 aa e6 03 15 aa e7 03 18 aa
0x0000000100e7e1c4:   25 d2 ff 97 60 f7 ff 34 70 